2023-12-24 14:43:37,275 - root - INFO - Namespace(seed=2023, data_name='Douban', data_dir='data/', cuda=False, gpu_id=0, use_pretrain=0, pretrain_model_path='trained_model/Embedding_based.pth', cf_batch_size=1024, kg_batch_size=2048, test_batch_size=2048, embed_dim=32, relation_dim=32, KG_embedding_type='TransE', kg_l2loss_lambda=0.0001, cf_l2loss_lambda=0.0001, lr=0.001, n_epoch=10, stopping_steps=10, print_every=1, evaluate_every=10, Ks='[5, 10]', save_dir='trained_model/Douban/Embedding_based/dim32_lr0.001_l20.0001_TransE/')
2023-12-24 14:43:37,406 - root - INFO - n_users:      447
2023-12-24 14:43:37,407 - root - INFO - n_items:      578
2023-12-24 14:43:37,407 - root - INFO - n_entities:   766
2023-12-24 14:43:37,408 - root - INFO - n_relations:  46
2023-12-24 14:43:37,408 - root - INFO - n_cf_train:   41830
2023-12-24 14:43:37,408 - root - INFO - n_cf_test:    10840
2023-12-24 14:43:37,408 - root - INFO - n_kg_data:    49452
2023-12-24 14:43:37,410 - root - INFO - Embedding_based(
  (user_embed): Embedding(447, 32)
  (item_embed): Embedding(578, 32)
  (entity_embed): Embedding(766, 32)
  (relation_embed): Embedding(46, 32)
)
2023-12-24 14:43:38,127 - root - INFO - KG & CF Training: Epoch 0001 Iter 0001 / 0041 | Time 0.1s | Iter Loss 1.3933 | Iter Mean Loss 1.3933
2023-12-24 14:43:38,221 - root - INFO - KG & CF Training: Epoch 0001 Iter 0002 / 0041 | Time 0.1s | Iter Loss 1.3915 | Iter Mean Loss 1.3924
2023-12-24 14:43:38,317 - root - INFO - KG & CF Training: Epoch 0001 Iter 0003 / 0041 | Time 0.1s | Iter Loss 1.3856 | Iter Mean Loss 1.3901
2023-12-24 14:43:38,405 - root - INFO - KG & CF Training: Epoch 0001 Iter 0004 / 0041 | Time 0.1s | Iter Loss 1.3819 | Iter Mean Loss 1.3881
2023-12-24 14:43:38,487 - root - INFO - KG & CF Training: Epoch 0001 Iter 0005 / 0041 | Time 0.1s | Iter Loss 1.3825 | Iter Mean Loss 1.3870
2023-12-24 14:43:38,577 - root - INFO - KG & CF Training: Epoch 0001 Iter 0006 / 0041 | Time 0.1s | Iter Loss 1.3796 | Iter Mean Loss 1.3857
2023-12-24 14:43:38,676 - root - INFO - KG & CF Training: Epoch 0001 Iter 0007 / 0041 | Time 0.1s | Iter Loss 1.3733 | Iter Mean Loss 1.3839
2023-12-24 14:43:38,771 - root - INFO - KG & CF Training: Epoch 0001 Iter 0008 / 0041 | Time 0.1s | Iter Loss 1.3733 | Iter Mean Loss 1.3826
2023-12-24 14:43:38,882 - root - INFO - KG & CF Training: Epoch 0001 Iter 0009 / 0041 | Time 0.1s | Iter Loss 1.3654 | Iter Mean Loss 1.3807
2023-12-24 14:43:38,966 - root - INFO - KG & CF Training: Epoch 0001 Iter 0010 / 0041 | Time 0.1s | Iter Loss 1.3696 | Iter Mean Loss 1.3796
2023-12-24 14:43:39,046 - root - INFO - KG & CF Training: Epoch 0001 Iter 0011 / 0041 | Time 0.1s | Iter Loss 1.3610 | Iter Mean Loss 1.3779
2023-12-24 14:43:39,130 - root - INFO - KG & CF Training: Epoch 0001 Iter 0012 / 0041 | Time 0.1s | Iter Loss 1.3596 | Iter Mean Loss 1.3764
2023-12-24 14:43:39,215 - root - INFO - KG & CF Training: Epoch 0001 Iter 0013 / 0041 | Time 0.1s | Iter Loss 1.3599 | Iter Mean Loss 1.3751
2023-12-24 14:43:39,313 - root - INFO - KG & CF Training: Epoch 0001 Iter 0014 / 0041 | Time 0.1s | Iter Loss 1.3563 | Iter Mean Loss 1.3738
2023-12-24 14:43:39,421 - root - INFO - KG & CF Training: Epoch 0001 Iter 0015 / 0041 | Time 0.1s | Iter Loss 1.3522 | Iter Mean Loss 1.3723
2023-12-24 14:43:39,516 - root - INFO - KG & CF Training: Epoch 0001 Iter 0016 / 0041 | Time 0.1s | Iter Loss 1.3528 | Iter Mean Loss 1.3711
2023-12-24 14:43:39,631 - root - INFO - KG & CF Training: Epoch 0001 Iter 0017 / 0041 | Time 0.1s | Iter Loss 1.3499 | Iter Mean Loss 1.3699
2023-12-24 14:43:39,734 - root - INFO - KG & CF Training: Epoch 0001 Iter 0018 / 0041 | Time 0.1s | Iter Loss 1.3431 | Iter Mean Loss 1.3684
2023-12-24 14:43:39,825 - root - INFO - KG & CF Training: Epoch 0001 Iter 0019 / 0041 | Time 0.1s | Iter Loss 1.3475 | Iter Mean Loss 1.3673
2023-12-24 14:43:39,920 - root - INFO - KG & CF Training: Epoch 0001 Iter 0020 / 0041 | Time 0.1s | Iter Loss 1.3424 | Iter Mean Loss 1.3660
2023-12-24 14:43:40,015 - root - INFO - KG & CF Training: Epoch 0001 Iter 0021 / 0041 | Time 0.1s | Iter Loss 1.3332 | Iter Mean Loss 1.3645
2023-12-24 14:43:40,118 - root - INFO - KG & CF Training: Epoch 0001 Iter 0022 / 0041 | Time 0.1s | Iter Loss 1.3326 | Iter Mean Loss 1.3630
2023-12-24 14:43:40,232 - root - INFO - KG & CF Training: Epoch 0001 Iter 0023 / 0041 | Time 0.1s | Iter Loss 1.3332 | Iter Mean Loss 1.3617
2023-12-24 14:43:40,326 - root - INFO - KG & CF Training: Epoch 0001 Iter 0024 / 0041 | Time 0.1s | Iter Loss 1.3322 | Iter Mean Loss 1.3605
2023-12-24 14:43:40,428 - root - INFO - KG & CF Training: Epoch 0001 Iter 0025 / 0041 | Time 0.1s | Iter Loss 1.3247 | Iter Mean Loss 1.3591
2023-12-24 14:43:40,526 - root - INFO - KG & CF Training: Epoch 0001 Iter 0026 / 0041 | Time 0.1s | Iter Loss 1.3229 | Iter Mean Loss 1.3577
2023-12-24 14:43:40,629 - root - INFO - KG & CF Training: Epoch 0001 Iter 0027 / 0041 | Time 0.1s | Iter Loss 1.3178 | Iter Mean Loss 1.3562
2023-12-24 14:43:40,723 - root - INFO - KG & CF Training: Epoch 0001 Iter 0028 / 0041 | Time 0.1s | Iter Loss 1.3223 | Iter Mean Loss 1.3550
2023-12-24 14:43:40,822 - root - INFO - KG & CF Training: Epoch 0001 Iter 0029 / 0041 | Time 0.1s | Iter Loss 1.3165 | Iter Mean Loss 1.3537
2023-12-24 14:43:40,924 - root - INFO - KG & CF Training: Epoch 0001 Iter 0030 / 0041 | Time 0.1s | Iter Loss 1.3175 | Iter Mean Loss 1.3525
2023-12-24 14:43:41,029 - root - INFO - KG & CF Training: Epoch 0001 Iter 0031 / 0041 | Time 0.1s | Iter Loss 1.3135 | Iter Mean Loss 1.3512
2023-12-24 14:43:41,137 - root - INFO - KG & CF Training: Epoch 0001 Iter 0032 / 0041 | Time 0.1s | Iter Loss 1.3121 | Iter Mean Loss 1.3500
2023-12-24 14:43:41,233 - root - INFO - KG & CF Training: Epoch 0001 Iter 0033 / 0041 | Time 0.1s | Iter Loss 1.3074 | Iter Mean Loss 1.3487
2023-12-24 14:43:41,331 - root - INFO - KG & CF Training: Epoch 0001 Iter 0034 / 0041 | Time 0.1s | Iter Loss 1.3035 | Iter Mean Loss 1.3474
2023-12-24 14:43:41,429 - root - INFO - KG & CF Training: Epoch 0001 Iter 0035 / 0041 | Time 0.1s | Iter Loss 1.3042 | Iter Mean Loss 1.3461
2023-12-24 14:43:41,540 - root - INFO - KG & CF Training: Epoch 0001 Iter 0036 / 0041 | Time 0.1s | Iter Loss 1.2981 | Iter Mean Loss 1.3448
2023-12-24 14:43:41,637 - root - INFO - KG & CF Training: Epoch 0001 Iter 0037 / 0041 | Time 0.1s | Iter Loss 1.2978 | Iter Mean Loss 1.3435
2023-12-24 14:43:41,742 - root - INFO - KG & CF Training: Epoch 0001 Iter 0038 / 0041 | Time 0.1s | Iter Loss 1.2921 | Iter Mean Loss 1.3422
2023-12-24 14:43:41,837 - root - INFO - KG & CF Training: Epoch 0001 Iter 0039 / 0041 | Time 0.1s | Iter Loss 1.2941 | Iter Mean Loss 1.3409
2023-12-24 14:43:41,950 - root - INFO - KG & CF Training: Epoch 0001 Iter 0040 / 0041 | Time 0.1s | Iter Loss 1.2912 | Iter Mean Loss 1.3397
2023-12-24 14:43:42,062 - root - INFO - KG & CF Training: Epoch 0001 Iter 0041 / 0041 | Time 0.1s | Iter Loss 1.2842 | Iter Mean Loss 1.3383
2023-12-24 14:43:42,062 - root - INFO - KG & CF Training: Epoch 0001 Total Iter 0041 | Total Time 4.0s | Iter Mean Loss 1.3383
2023-12-24 14:43:42,154 - root - INFO - KG & CF Training: Epoch 0002 Iter 0001 / 0041 | Time 0.1s | Iter Loss 1.2815 | Iter Mean Loss 1.2815
2023-12-24 14:43:42,261 - root - INFO - KG & CF Training: Epoch 0002 Iter 0002 / 0041 | Time 0.1s | Iter Loss 1.2831 | Iter Mean Loss 1.2823
2023-12-24 14:43:42,355 - root - INFO - KG & CF Training: Epoch 0002 Iter 0003 / 0041 | Time 0.1s | Iter Loss 1.2776 | Iter Mean Loss 1.2807
2023-12-24 14:43:42,449 - root - INFO - KG & CF Training: Epoch 0002 Iter 0004 / 0041 | Time 0.1s | Iter Loss 1.2793 | Iter Mean Loss 1.2804
2023-12-24 14:43:42,545 - root - INFO - KG & CF Training: Epoch 0002 Iter 0005 / 0041 | Time 0.1s | Iter Loss 1.2763 | Iter Mean Loss 1.2796
2023-12-24 14:43:42,650 - root - INFO - KG & CF Training: Epoch 0002 Iter 0006 / 0041 | Time 0.1s | Iter Loss 1.2753 | Iter Mean Loss 1.2788
2023-12-24 14:43:42,765 - root - INFO - KG & CF Training: Epoch 0002 Iter 0007 / 0041 | Time 0.1s | Iter Loss 1.2701 | Iter Mean Loss 1.2776
2023-12-24 14:43:42,858 - root - INFO - KG & CF Training: Epoch 0002 Iter 0008 / 0041 | Time 0.1s | Iter Loss 1.2681 | Iter Mean Loss 1.2764
2023-12-24 14:43:42,957 - root - INFO - KG & CF Training: Epoch 0002 Iter 0009 / 0041 | Time 0.1s | Iter Loss 1.2665 | Iter Mean Loss 1.2753
2023-12-24 14:43:43,068 - root - INFO - KG & CF Training: Epoch 0002 Iter 0010 / 0041 | Time 0.1s | Iter Loss 1.2637 | Iter Mean Loss 1.2741
2023-12-24 14:43:43,167 - root - INFO - KG & CF Training: Epoch 0002 Iter 0011 / 0041 | Time 0.1s | Iter Loss 1.2572 | Iter Mean Loss 1.2726
2023-12-24 14:43:43,283 - root - INFO - KG & CF Training: Epoch 0002 Iter 0012 / 0041 | Time 0.1s | Iter Loss 1.2563 | Iter Mean Loss 1.2712
2023-12-24 14:43:43,377 - root - INFO - KG & CF Training: Epoch 0002 Iter 0013 / 0041 | Time 0.1s | Iter Loss 1.2575 | Iter Mean Loss 1.2702
2023-12-24 14:43:43,475 - root - INFO - KG & CF Training: Epoch 0002 Iter 0014 / 0041 | Time 0.1s | Iter Loss 1.2523 | Iter Mean Loss 1.2689
2023-12-24 14:43:43,570 - root - INFO - KG & CF Training: Epoch 0002 Iter 0015 / 0041 | Time 0.1s | Iter Loss 1.2469 | Iter Mean Loss 1.2674
2023-12-24 14:43:43,668 - root - INFO - KG & CF Training: Epoch 0002 Iter 0016 / 0041 | Time 0.1s | Iter Loss 1.2485 | Iter Mean Loss 1.2662
2023-12-24 14:43:43,765 - root - INFO - KG & CF Training: Epoch 0002 Iter 0017 / 0041 | Time 0.1s | Iter Loss 1.2442 | Iter Mean Loss 1.2650
2023-12-24 14:43:43,869 - root - INFO - KG & CF Training: Epoch 0002 Iter 0018 / 0041 | Time 0.1s | Iter Loss 1.2389 | Iter Mean Loss 1.2635
2023-12-24 14:43:43,975 - root - INFO - KG & CF Training: Epoch 0002 Iter 0019 / 0041 | Time 0.1s | Iter Loss 1.2386 | Iter Mean Loss 1.2622
2023-12-24 14:43:44,089 - root - INFO - KG & CF Training: Epoch 0002 Iter 0020 / 0041 | Time 0.1s | Iter Loss 1.2311 | Iter Mean Loss 1.2606
2023-12-24 14:43:44,181 - root - INFO - KG & CF Training: Epoch 0002 Iter 0021 / 0041 | Time 0.1s | Iter Loss 1.2338 | Iter Mean Loss 1.2594
2023-12-24 14:43:44,273 - root - INFO - KG & CF Training: Epoch 0002 Iter 0022 / 0041 | Time 0.1s | Iter Loss 1.2317 | Iter Mean Loss 1.2581
2023-12-24 14:43:44,374 - root - INFO - KG & CF Training: Epoch 0002 Iter 0023 / 0041 | Time 0.1s | Iter Loss 1.2249 | Iter Mean Loss 1.2567
2023-12-24 14:43:44,468 - root - INFO - KG & CF Training: Epoch 0002 Iter 0024 / 0041 | Time 0.1s | Iter Loss 1.2261 | Iter Mean Loss 1.2554
2023-12-24 14:43:44,567 - root - INFO - KG & CF Training: Epoch 0002 Iter 0025 / 0041 | Time 0.1s | Iter Loss 1.2262 | Iter Mean Loss 1.2542
2023-12-24 14:43:44,672 - root - INFO - KG & CF Training: Epoch 0002 Iter 0026 / 0041 | Time 0.1s | Iter Loss 1.2219 | Iter Mean Loss 1.2530
2023-12-24 14:43:44,783 - root - INFO - KG & CF Training: Epoch 0002 Iter 0027 / 0041 | Time 0.1s | Iter Loss 1.2197 | Iter Mean Loss 1.2517
2023-12-24 14:43:44,890 - root - INFO - KG & CF Training: Epoch 0002 Iter 0028 / 0041 | Time 0.1s | Iter Loss 1.2171 | Iter Mean Loss 1.2505
2023-12-24 14:43:45,003 - root - INFO - KG & CF Training: Epoch 0002 Iter 0029 / 0041 | Time 0.1s | Iter Loss 1.2137 | Iter Mean Loss 1.2492
2023-12-24 14:43:45,102 - root - INFO - KG & CF Training: Epoch 0002 Iter 0030 / 0041 | Time 0.1s | Iter Loss 1.2111 | Iter Mean Loss 1.2480
2023-12-24 14:43:45,205 - root - INFO - KG & CF Training: Epoch 0002 Iter 0031 / 0041 | Time 0.1s | Iter Loss 1.2104 | Iter Mean Loss 1.2467
2023-12-24 14:43:45,310 - root - INFO - KG & CF Training: Epoch 0002 Iter 0032 / 0041 | Time 0.1s | Iter Loss 1.2109 | Iter Mean Loss 1.2456
2023-12-24 14:43:45,412 - root - INFO - KG & CF Training: Epoch 0002 Iter 0033 / 0041 | Time 0.1s | Iter Loss 1.2049 | Iter Mean Loss 1.2444
2023-12-24 14:43:45,519 - root - INFO - KG & CF Training: Epoch 0002 Iter 0034 / 0041 | Time 0.1s | Iter Loss 1.2039 | Iter Mean Loss 1.2432
2023-12-24 14:43:45,624 - root - INFO - KG & CF Training: Epoch 0002 Iter 0035 / 0041 | Time 0.1s | Iter Loss 1.2008 | Iter Mean Loss 1.2420
2023-12-24 14:43:45,747 - root - INFO - KG & CF Training: Epoch 0002 Iter 0036 / 0041 | Time 0.1s | Iter Loss 1.1967 | Iter Mean Loss 1.2407
2023-12-24 14:43:45,849 - root - INFO - KG & CF Training: Epoch 0002 Iter 0037 / 0041 | Time 0.1s | Iter Loss 1.1972 | Iter Mean Loss 1.2396
2023-12-24 14:43:45,951 - root - INFO - KG & CF Training: Epoch 0002 Iter 0038 / 0041 | Time 0.1s | Iter Loss 1.1919 | Iter Mean Loss 1.2383
2023-12-24 14:43:46,053 - root - INFO - KG & CF Training: Epoch 0002 Iter 0039 / 0041 | Time 0.1s | Iter Loss 1.1910 | Iter Mean Loss 1.2371
2023-12-24 14:43:46,154 - root - INFO - KG & CF Training: Epoch 0002 Iter 0040 / 0041 | Time 0.1s | Iter Loss 1.1914 | Iter Mean Loss 1.2359
2023-12-24 14:43:46,251 - root - INFO - KG & CF Training: Epoch 0002 Iter 0041 / 0041 | Time 0.1s | Iter Loss 1.1909 | Iter Mean Loss 1.2348
2023-12-24 14:43:46,251 - root - INFO - KG & CF Training: Epoch 0002 Total Iter 0041 | Total Time 4.2s | Iter Mean Loss 1.2348
2023-12-24 14:43:46,350 - root - INFO - KG & CF Training: Epoch 0003 Iter 0001 / 0041 | Time 0.1s | Iter Loss 1.1861 | Iter Mean Loss 1.1861
2023-12-24 14:43:46,441 - root - INFO - KG & CF Training: Epoch 0003 Iter 0002 / 0041 | Time 0.1s | Iter Loss 1.1868 | Iter Mean Loss 1.1864
2023-12-24 14:43:46,537 - root - INFO - KG & CF Training: Epoch 0003 Iter 0003 / 0041 | Time 0.1s | Iter Loss 1.1846 | Iter Mean Loss 1.1858
2023-12-24 14:43:46,667 - root - INFO - KG & CF Training: Epoch 0003 Iter 0004 / 0041 | Time 0.1s | Iter Loss 1.1855 | Iter Mean Loss 1.1857
2023-12-24 14:43:46,764 - root - INFO - KG & CF Training: Epoch 0003 Iter 0005 / 0041 | Time 0.1s | Iter Loss 1.1834 | Iter Mean Loss 1.1853
2023-12-24 14:43:46,883 - root - INFO - KG & CF Training: Epoch 0003 Iter 0006 / 0041 | Time 0.1s | Iter Loss 1.1780 | Iter Mean Loss 1.1841
2023-12-24 14:43:46,992 - root - INFO - KG & CF Training: Epoch 0003 Iter 0007 / 0041 | Time 0.1s | Iter Loss 1.1757 | Iter Mean Loss 1.1829
2023-12-24 14:43:47,092 - root - INFO - KG & CF Training: Epoch 0003 Iter 0008 / 0041 | Time 0.1s | Iter Loss 1.1754 | Iter Mean Loss 1.1819
2023-12-24 14:43:47,192 - root - INFO - KG & CF Training: Epoch 0003 Iter 0009 / 0041 | Time 0.1s | Iter Loss 1.1705 | Iter Mean Loss 1.1807
2023-12-24 14:43:47,306 - root - INFO - KG & CF Training: Epoch 0003 Iter 0010 / 0041 | Time 0.1s | Iter Loss 1.1686 | Iter Mean Loss 1.1795
2023-12-24 14:43:47,405 - root - INFO - KG & CF Training: Epoch 0003 Iter 0011 / 0041 | Time 0.1s | Iter Loss 1.1705 | Iter Mean Loss 1.1786
2023-12-24 14:43:47,500 - root - INFO - KG & CF Training: Epoch 0003 Iter 0012 / 0041 | Time 0.1s | Iter Loss 1.1611 | Iter Mean Loss 1.1772
2023-12-24 14:43:47,599 - root - INFO - KG & CF Training: Epoch 0003 Iter 0013 / 0041 | Time 0.1s | Iter Loss 1.1655 | Iter Mean Loss 1.1763
2023-12-24 14:43:47,699 - root - INFO - KG & CF Training: Epoch 0003 Iter 0014 / 0041 | Time 0.1s | Iter Loss 1.1604 | Iter Mean Loss 1.1752
2023-12-24 14:43:47,804 - root - INFO - KG & CF Training: Epoch 0003 Iter 0015 / 0041 | Time 0.1s | Iter Loss 1.1604 | Iter Mean Loss 1.1742
2023-12-24 14:43:47,926 - root - INFO - KG & CF Training: Epoch 0003 Iter 0016 / 0041 | Time 0.1s | Iter Loss 1.1626 | Iter Mean Loss 1.1735
2023-12-24 14:43:48,019 - root - INFO - KG & CF Training: Epoch 0003 Iter 0017 / 0041 | Time 0.1s | Iter Loss 1.1582 | Iter Mean Loss 1.1726
2023-12-24 14:43:48,123 - root - INFO - KG & CF Training: Epoch 0003 Iter 0018 / 0041 | Time 0.1s | Iter Loss 1.1557 | Iter Mean Loss 1.1716
2023-12-24 14:43:48,224 - root - INFO - KG & CF Training: Epoch 0003 Iter 0019 / 0041 | Time 0.1s | Iter Loss 1.1532 | Iter Mean Loss 1.1707
2023-12-24 14:43:48,337 - root - INFO - KG & CF Training: Epoch 0003 Iter 0020 / 0041 | Time 0.1s | Iter Loss 1.1539 | Iter Mean Loss 1.1698
2023-12-24 14:43:48,451 - root - INFO - KG & CF Training: Epoch 0003 Iter 0021 / 0041 | Time 0.1s | Iter Loss 1.1532 | Iter Mean Loss 1.1690
2023-12-24 14:43:48,557 - root - INFO - KG & CF Training: Epoch 0003 Iter 0022 / 0041 | Time 0.1s | Iter Loss 1.1531 | Iter Mean Loss 1.1683
2023-12-24 14:43:48,668 - root - INFO - KG & CF Training: Epoch 0003 Iter 0023 / 0041 | Time 0.1s | Iter Loss 1.1480 | Iter Mean Loss 1.1674
2023-12-24 14:43:48,773 - root - INFO - KG & CF Training: Epoch 0003 Iter 0024 / 0041 | Time 0.1s | Iter Loss 1.1483 | Iter Mean Loss 1.1666
2023-12-24 14:43:48,897 - root - INFO - KG & CF Training: Epoch 0003 Iter 0025 / 0041 | Time 0.1s | Iter Loss 1.1496 | Iter Mean Loss 1.1659
2023-12-24 14:43:49,006 - root - INFO - KG & CF Training: Epoch 0003 Iter 0026 / 0041 | Time 0.1s | Iter Loss 1.1494 | Iter Mean Loss 1.1653
2023-12-24 14:43:49,114 - root - INFO - KG & CF Training: Epoch 0003 Iter 0027 / 0041 | Time 0.1s | Iter Loss 1.1438 | Iter Mean Loss 1.1645
2023-12-24 14:43:49,215 - root - INFO - KG & CF Training: Epoch 0003 Iter 0028 / 0041 | Time 0.1s | Iter Loss 1.1430 | Iter Mean Loss 1.1637
2023-12-24 14:43:49,318 - root - INFO - KG & CF Training: Epoch 0003 Iter 0029 / 0041 | Time 0.1s | Iter Loss 1.1380 | Iter Mean Loss 1.1628
2023-12-24 14:43:49,425 - root - INFO - KG & CF Training: Epoch 0003 Iter 0030 / 0041 | Time 0.1s | Iter Loss 1.1406 | Iter Mean Loss 1.1621
2023-12-24 14:43:49,537 - root - INFO - KG & CF Training: Epoch 0003 Iter 0031 / 0041 | Time 0.1s | Iter Loss 1.1367 | Iter Mean Loss 1.1613
2023-12-24 14:43:49,639 - root - INFO - KG & CF Training: Epoch 0003 Iter 0032 / 0041 | Time 0.1s | Iter Loss 1.1428 | Iter Mean Loss 1.1607
2023-12-24 14:43:49,741 - root - INFO - KG & CF Training: Epoch 0003 Iter 0033 / 0041 | Time 0.1s | Iter Loss 1.1377 | Iter Mean Loss 1.1600
2023-12-24 14:43:49,857 - root - INFO - KG & CF Training: Epoch 0003 Iter 0034 / 0041 | Time 0.1s | Iter Loss 1.1374 | Iter Mean Loss 1.1593
2023-12-24 14:43:49,956 - root - INFO - KG & CF Training: Epoch 0003 Iter 0035 / 0041 | Time 0.1s | Iter Loss 1.1334 | Iter Mean Loss 1.1586
2023-12-24 14:43:50,071 - root - INFO - KG & CF Training: Epoch 0003 Iter 0036 / 0041 | Time 0.1s | Iter Loss 1.1320 | Iter Mean Loss 1.1579
2023-12-24 14:43:50,166 - root - INFO - KG & CF Training: Epoch 0003 Iter 0037 / 0041 | Time 0.1s | Iter Loss 1.1300 | Iter Mean Loss 1.1571
2023-12-24 14:43:50,264 - root - INFO - KG & CF Training: Epoch 0003 Iter 0038 / 0041 | Time 0.1s | Iter Loss 1.1335 | Iter Mean Loss 1.1565
2023-12-24 14:43:50,367 - root - INFO - KG & CF Training: Epoch 0003 Iter 0039 / 0041 | Time 0.1s | Iter Loss 1.1286 | Iter Mean Loss 1.1558
2023-12-24 14:43:50,472 - root - INFO - KG & CF Training: Epoch 0003 Iter 0040 / 0041 | Time 0.1s | Iter Loss 1.1326 | Iter Mean Loss 1.1552
2023-12-24 14:43:50,569 - root - INFO - KG & CF Training: Epoch 0003 Iter 0041 / 0041 | Time 0.1s | Iter Loss 1.1311 | Iter Mean Loss 1.1546
2023-12-24 14:43:50,569 - root - INFO - KG & CF Training: Epoch 0003 Total Iter 0041 | Total Time 4.3s | Iter Mean Loss 1.1546
2023-12-24 14:43:50,682 - root - INFO - KG & CF Training: Epoch 0004 Iter 0001 / 0041 | Time 0.1s | Iter Loss 1.1276 | Iter Mean Loss 1.1276
2023-12-24 14:43:50,792 - root - INFO - KG & CF Training: Epoch 0004 Iter 0002 / 0041 | Time 0.1s | Iter Loss 1.1296 | Iter Mean Loss 1.1286
2023-12-24 14:43:50,905 - root - INFO - KG & CF Training: Epoch 0004 Iter 0003 / 0041 | Time 0.1s | Iter Loss 1.1229 | Iter Mean Loss 1.1267
2023-12-24 14:43:51,009 - root - INFO - KG & CF Training: Epoch 0004 Iter 0004 / 0041 | Time 0.1s | Iter Loss 1.1236 | Iter Mean Loss 1.1259
2023-12-24 14:43:51,129 - root - INFO - KG & CF Training: Epoch 0004 Iter 0005 / 0041 | Time 0.1s | Iter Loss 1.1210 | Iter Mean Loss 1.1249
2023-12-24 14:43:51,242 - root - INFO - KG & CF Training: Epoch 0004 Iter 0006 / 0041 | Time 0.1s | Iter Loss 1.1156 | Iter Mean Loss 1.1234
2023-12-24 14:43:51,334 - root - INFO - KG & CF Training: Epoch 0004 Iter 0007 / 0041 | Time 0.1s | Iter Loss 1.1211 | Iter Mean Loss 1.1231
2023-12-24 14:43:51,428 - root - INFO - KG & CF Training: Epoch 0004 Iter 0008 / 0041 | Time 0.1s | Iter Loss 1.1216 | Iter Mean Loss 1.1229
2023-12-24 14:43:51,538 - root - INFO - KG & CF Training: Epoch 0004 Iter 0009 / 0041 | Time 0.1s | Iter Loss 1.1197 | Iter Mean Loss 1.1225
2023-12-24 14:43:51,647 - root - INFO - KG & CF Training: Epoch 0004 Iter 0010 / 0041 | Time 0.1s | Iter Loss 1.1156 | Iter Mean Loss 1.1218
2023-12-24 14:43:51,747 - root - INFO - KG & CF Training: Epoch 0004 Iter 0011 / 0041 | Time 0.1s | Iter Loss 1.1197 | Iter Mean Loss 1.1216
2023-12-24 14:43:51,852 - root - INFO - KG & CF Training: Epoch 0004 Iter 0012 / 0041 | Time 0.1s | Iter Loss 1.1207 | Iter Mean Loss 1.1216
2023-12-24 14:43:51,976 - root - INFO - KG & CF Training: Epoch 0004 Iter 0013 / 0041 | Time 0.1s | Iter Loss 1.1141 | Iter Mean Loss 1.1210
2023-12-24 14:43:52,081 - root - INFO - KG & CF Training: Epoch 0004 Iter 0014 / 0041 | Time 0.1s | Iter Loss 1.1151 | Iter Mean Loss 1.1206
2023-12-24 14:43:52,180 - root - INFO - KG & CF Training: Epoch 0004 Iter 0015 / 0041 | Time 0.1s | Iter Loss 1.1148 | Iter Mean Loss 1.1202
2023-12-24 14:43:52,283 - root - INFO - KG & CF Training: Epoch 0004 Iter 0016 / 0041 | Time 0.1s | Iter Loss 1.1153 | Iter Mean Loss 1.1199
2023-12-24 14:43:52,379 - root - INFO - KG & CF Training: Epoch 0004 Iter 0017 / 0041 | Time 0.1s | Iter Loss 1.1106 | Iter Mean Loss 1.1193
2023-12-24 14:43:52,476 - root - INFO - KG & CF Training: Epoch 0004 Iter 0018 / 0041 | Time 0.1s | Iter Loss 1.1125 | Iter Mean Loss 1.1189
2023-12-24 14:43:52,575 - root - INFO - KG & CF Training: Epoch 0004 Iter 0019 / 0041 | Time 0.1s | Iter Loss 1.1080 | Iter Mean Loss 1.1184
2023-12-24 14:43:52,672 - root - INFO - KG & CF Training: Epoch 0004 Iter 0020 / 0041 | Time 0.1s | Iter Loss 1.1086 | Iter Mean Loss 1.1179
2023-12-24 14:43:52,769 - root - INFO - KG & CF Training: Epoch 0004 Iter 0021 / 0041 | Time 0.1s | Iter Loss 1.1100 | Iter Mean Loss 1.1175
2023-12-24 14:43:52,868 - root - INFO - KG & CF Training: Epoch 0004 Iter 0022 / 0041 | Time 0.1s | Iter Loss 1.1097 | Iter Mean Loss 1.1171
2023-12-24 14:43:52,975 - root - INFO - KG & CF Training: Epoch 0004 Iter 0023 / 0041 | Time 0.1s | Iter Loss 1.1061 | Iter Mean Loss 1.1167
2023-12-24 14:43:53,081 - root - INFO - KG & CF Training: Epoch 0004 Iter 0024 / 0041 | Time 0.1s | Iter Loss 1.1053 | Iter Mean Loss 1.1162
2023-12-24 14:43:53,185 - root - INFO - KG & CF Training: Epoch 0004 Iter 0025 / 0041 | Time 0.1s | Iter Loss 1.1048 | Iter Mean Loss 1.1157
2023-12-24 14:43:53,301 - root - INFO - KG & CF Training: Epoch 0004 Iter 0026 / 0041 | Time 0.1s | Iter Loss 1.1063 | Iter Mean Loss 1.1154
2023-12-24 14:43:53,402 - root - INFO - KG & CF Training: Epoch 0004 Iter 0027 / 0041 | Time 0.1s | Iter Loss 1.1046 | Iter Mean Loss 1.1150
2023-12-24 14:43:53,511 - root - INFO - KG & CF Training: Epoch 0004 Iter 0028 / 0041 | Time 0.1s | Iter Loss 1.1052 | Iter Mean Loss 1.1146
2023-12-24 14:43:53,611 - root - INFO - KG & CF Training: Epoch 0004 Iter 0029 / 0041 | Time 0.1s | Iter Loss 1.1054 | Iter Mean Loss 1.1143
2023-12-24 14:43:53,715 - root - INFO - KG & CF Training: Epoch 0004 Iter 0030 / 0041 | Time 0.1s | Iter Loss 1.1030 | Iter Mean Loss 1.1139
2023-12-24 14:43:53,815 - root - INFO - KG & CF Training: Epoch 0004 Iter 0031 / 0041 | Time 0.1s | Iter Loss 1.1024 | Iter Mean Loss 1.1136
2023-12-24 14:43:53,925 - root - INFO - KG & CF Training: Epoch 0004 Iter 0032 / 0041 | Time 0.1s | Iter Loss 1.1027 | Iter Mean Loss 1.1132
2023-12-24 14:43:54,033 - root - INFO - KG & CF Training: Epoch 0004 Iter 0033 / 0041 | Time 0.1s | Iter Loss 1.1001 | Iter Mean Loss 1.1128
2023-12-24 14:43:54,136 - root - INFO - KG & CF Training: Epoch 0004 Iter 0034 / 0041 | Time 0.1s | Iter Loss 1.0982 | Iter Mean Loss 1.1124
2023-12-24 14:43:54,233 - root - INFO - KG & CF Training: Epoch 0004 Iter 0035 / 0041 | Time 0.1s | Iter Loss 1.0992 | Iter Mean Loss 1.1120
2023-12-24 14:43:54,344 - root - INFO - KG & CF Training: Epoch 0004 Iter 0036 / 0041 | Time 0.1s | Iter Loss 1.0983 | Iter Mean Loss 1.1116
2023-12-24 14:43:54,442 - root - INFO - KG & CF Training: Epoch 0004 Iter 0037 / 0041 | Time 0.1s | Iter Loss 1.1012 | Iter Mean Loss 1.1114
2023-12-24 14:43:54,534 - root - INFO - KG & CF Training: Epoch 0004 Iter 0038 / 0041 | Time 0.1s | Iter Loss 1.0958 | Iter Mean Loss 1.1109
2023-12-24 14:43:54,648 - root - INFO - KG & CF Training: Epoch 0004 Iter 0039 / 0041 | Time 0.1s | Iter Loss 1.0952 | Iter Mean Loss 1.1105
2023-12-24 14:43:54,761 - root - INFO - KG & CF Training: Epoch 0004 Iter 0040 / 0041 | Time 0.1s | Iter Loss 1.0952 | Iter Mean Loss 1.1102
2023-12-24 14:43:54,882 - root - INFO - KG & CF Training: Epoch 0004 Iter 0041 / 0041 | Time 0.1s | Iter Loss 1.0935 | Iter Mean Loss 1.1097
2023-12-24 14:43:54,882 - root - INFO - KG & CF Training: Epoch 0004 Total Iter 0041 | Total Time 4.3s | Iter Mean Loss 1.1097
2023-12-24 14:43:54,975 - root - INFO - KG & CF Training: Epoch 0005 Iter 0001 / 0041 | Time 0.1s | Iter Loss 1.0938 | Iter Mean Loss 1.0938
2023-12-24 14:43:55,071 - root - INFO - KG & CF Training: Epoch 0005 Iter 0002 / 0041 | Time 0.1s | Iter Loss 1.0939 | Iter Mean Loss 1.0938
2023-12-24 14:43:55,171 - root - INFO - KG & CF Training: Epoch 0005 Iter 0003 / 0041 | Time 0.1s | Iter Loss 1.0913 | Iter Mean Loss 1.0930
2023-12-24 14:43:55,273 - root - INFO - KG & CF Training: Epoch 0005 Iter 0004 / 0041 | Time 0.1s | Iter Loss 1.0911 | Iter Mean Loss 1.0925
2023-12-24 14:43:55,378 - root - INFO - KG & CF Training: Epoch 0005 Iter 0005 / 0041 | Time 0.1s | Iter Loss 1.0913 | Iter Mean Loss 1.0923
2023-12-24 14:43:55,473 - root - INFO - KG & CF Training: Epoch 0005 Iter 0006 / 0041 | Time 0.1s | Iter Loss 1.0930 | Iter Mean Loss 1.0924
2023-12-24 14:43:55,567 - root - INFO - KG & CF Training: Epoch 0005 Iter 0007 / 0041 | Time 0.1s | Iter Loss 1.0917 | Iter Mean Loss 1.0923
2023-12-24 14:43:55,667 - root - INFO - KG & CF Training: Epoch 0005 Iter 0008 / 0041 | Time 0.1s | Iter Loss 1.0879 | Iter Mean Loss 1.0918
2023-12-24 14:43:55,792 - root - INFO - KG & CF Training: Epoch 0005 Iter 0009 / 0041 | Time 0.1s | Iter Loss 1.0908 | Iter Mean Loss 1.0917
2023-12-24 14:43:55,899 - root - INFO - KG & CF Training: Epoch 0005 Iter 0010 / 0041 | Time 0.1s | Iter Loss 1.0887 | Iter Mean Loss 1.0914
2023-12-24 14:43:55,993 - root - INFO - KG & CF Training: Epoch 0005 Iter 0011 / 0041 | Time 0.1s | Iter Loss 1.0871 | Iter Mean Loss 1.0910
2023-12-24 14:43:56,119 - root - INFO - KG & CF Training: Epoch 0005 Iter 0012 / 0041 | Time 0.1s | Iter Loss 1.0889 | Iter Mean Loss 1.0908
2023-12-24 14:43:56,236 - root - INFO - KG & CF Training: Epoch 0005 Iter 0013 / 0041 | Time 0.1s | Iter Loss 1.0867 | Iter Mean Loss 1.0905
2023-12-24 14:43:56,352 - root - INFO - KG & CF Training: Epoch 0005 Iter 0014 / 0041 | Time 0.1s | Iter Loss 1.0867 | Iter Mean Loss 1.0902
2023-12-24 14:43:56,444 - root - INFO - KG & CF Training: Epoch 0005 Iter 0015 / 0041 | Time 0.1s | Iter Loss 1.0856 | Iter Mean Loss 1.0899
2023-12-24 14:43:56,537 - root - INFO - KG & CF Training: Epoch 0005 Iter 0016 / 0041 | Time 0.1s | Iter Loss 1.0800 | Iter Mean Loss 1.0893
2023-12-24 14:43:56,632 - root - INFO - KG & CF Training: Epoch 0005 Iter 0017 / 0041 | Time 0.1s | Iter Loss 1.0849 | Iter Mean Loss 1.0890
2023-12-24 14:43:56,730 - root - INFO - KG & CF Training: Epoch 0005 Iter 0018 / 0041 | Time 0.1s | Iter Loss 1.0836 | Iter Mean Loss 1.0887
2023-12-24 14:43:56,828 - root - INFO - KG & CF Training: Epoch 0005 Iter 0019 / 0041 | Time 0.1s | Iter Loss 1.0823 | Iter Mean Loss 1.0884
2023-12-24 14:43:56,940 - root - INFO - KG & CF Training: Epoch 0005 Iter 0020 / 0041 | Time 0.1s | Iter Loss 1.0827 | Iter Mean Loss 1.0881
2023-12-24 14:43:57,055 - root - INFO - KG & CF Training: Epoch 0005 Iter 0021 / 0041 | Time 0.1s | Iter Loss 1.0871 | Iter Mean Loss 1.0881
2023-12-24 14:43:57,158 - root - INFO - KG & CF Training: Epoch 0005 Iter 0022 / 0041 | Time 0.1s | Iter Loss 1.0814 | Iter Mean Loss 1.0878
2023-12-24 14:43:57,270 - root - INFO - KG & CF Training: Epoch 0005 Iter 0023 / 0041 | Time 0.1s | Iter Loss 1.0851 | Iter Mean Loss 1.0876
2023-12-24 14:43:57,374 - root - INFO - KG & CF Training: Epoch 0005 Iter 0024 / 0041 | Time 0.1s | Iter Loss 1.0834 | Iter Mean Loss 1.0875
2023-12-24 14:43:57,479 - root - INFO - KG & CF Training: Epoch 0005 Iter 0025 / 0041 | Time 0.1s | Iter Loss 1.0770 | Iter Mean Loss 1.0870
2023-12-24 14:43:57,591 - root - INFO - KG & CF Training: Epoch 0005 Iter 0026 / 0041 | Time 0.1s | Iter Loss 1.0764 | Iter Mean Loss 1.0866
2023-12-24 14:43:57,693 - root - INFO - KG & CF Training: Epoch 0005 Iter 0027 / 0041 | Time 0.1s | Iter Loss 1.0812 | Iter Mean Loss 1.0864
2023-12-24 14:43:57,795 - root - INFO - KG & CF Training: Epoch 0005 Iter 0028 / 0041 | Time 0.1s | Iter Loss 1.0778 | Iter Mean Loss 1.0861
2023-12-24 14:43:57,892 - root - INFO - KG & CF Training: Epoch 0005 Iter 0029 / 0041 | Time 0.1s | Iter Loss 1.0774 | Iter Mean Loss 1.0858
2023-12-24 14:43:57,987 - root - INFO - KG & CF Training: Epoch 0005 Iter 0030 / 0041 | Time 0.1s | Iter Loss 1.0785 | Iter Mean Loss 1.0856
2023-12-24 14:43:58,083 - root - INFO - KG & CF Training: Epoch 0005 Iter 0031 / 0041 | Time 0.1s | Iter Loss 1.0782 | Iter Mean Loss 1.0853
2023-12-24 14:43:58,186 - root - INFO - KG & CF Training: Epoch 0005 Iter 0032 / 0041 | Time 0.1s | Iter Loss 1.0762 | Iter Mean Loss 1.0851
2023-12-24 14:43:58,290 - root - INFO - KG & CF Training: Epoch 0005 Iter 0033 / 0041 | Time 0.1s | Iter Loss 1.0818 | Iter Mean Loss 1.0850
2023-12-24 14:43:58,390 - root - INFO - KG & CF Training: Epoch 0005 Iter 0034 / 0041 | Time 0.1s | Iter Loss 1.0746 | Iter Mean Loss 1.0847
2023-12-24 14:43:58,492 - root - INFO - KG & CF Training: Epoch 0005 Iter 0035 / 0041 | Time 0.1s | Iter Loss 1.0709 | Iter Mean Loss 1.0843
2023-12-24 14:43:58,584 - root - INFO - KG & CF Training: Epoch 0005 Iter 0036 / 0041 | Time 0.1s | Iter Loss 1.0765 | Iter Mean Loss 1.0840
2023-12-24 14:43:58,690 - root - INFO - KG & CF Training: Epoch 0005 Iter 0037 / 0041 | Time 0.1s | Iter Loss 1.0766 | Iter Mean Loss 1.0838
2023-12-24 14:43:58,791 - root - INFO - KG & CF Training: Epoch 0005 Iter 0038 / 0041 | Time 0.1s | Iter Loss 1.0756 | Iter Mean Loss 1.0836
2023-12-24 14:43:58,898 - root - INFO - KG & CF Training: Epoch 0005 Iter 0039 / 0041 | Time 0.1s | Iter Loss 1.0751 | Iter Mean Loss 1.0834
2023-12-24 14:43:59,006 - root - INFO - KG & CF Training: Epoch 0005 Iter 0040 / 0041 | Time 0.1s | Iter Loss 1.0719 | Iter Mean Loss 1.0831
2023-12-24 14:43:59,125 - root - INFO - KG & CF Training: Epoch 0005 Iter 0041 / 0041 | Time 0.1s | Iter Loss 1.0741 | Iter Mean Loss 1.0829
2023-12-24 14:43:59,125 - root - INFO - KG & CF Training: Epoch 0005 Total Iter 0041 | Total Time 4.2s | Iter Mean Loss 1.0829
2023-12-24 14:43:59,228 - root - INFO - KG & CF Training: Epoch 0006 Iter 0001 / 0041 | Time 0.1s | Iter Loss 1.0724 | Iter Mean Loss 1.0724
2023-12-24 14:43:59,328 - root - INFO - KG & CF Training: Epoch 0006 Iter 0002 / 0041 | Time 0.1s | Iter Loss 1.0718 | Iter Mean Loss 1.0721
2023-12-24 14:43:59,431 - root - INFO - KG & CF Training: Epoch 0006 Iter 0003 / 0041 | Time 0.1s | Iter Loss 1.0683 | Iter Mean Loss 1.0708
2023-12-24 14:43:59,527 - root - INFO - KG & CF Training: Epoch 0006 Iter 0004 / 0041 | Time 0.1s | Iter Loss 1.0714 | Iter Mean Loss 1.0710
2023-12-24 14:43:59,623 - root - INFO - KG & CF Training: Epoch 0006 Iter 0005 / 0041 | Time 0.1s | Iter Loss 1.0703 | Iter Mean Loss 1.0708
2023-12-24 14:43:59,731 - root - INFO - KG & CF Training: Epoch 0006 Iter 0006 / 0041 | Time 0.1s | Iter Loss 1.0721 | Iter Mean Loss 1.0710
2023-12-24 14:43:59,835 - root - INFO - KG & CF Training: Epoch 0006 Iter 0007 / 0041 | Time 0.1s | Iter Loss 1.0660 | Iter Mean Loss 1.0703
2023-12-24 14:43:59,929 - root - INFO - KG & CF Training: Epoch 0006 Iter 0008 / 0041 | Time 0.1s | Iter Loss 1.0676 | Iter Mean Loss 1.0700
2023-12-24 14:44:00,027 - root - INFO - KG & CF Training: Epoch 0006 Iter 0009 / 0041 | Time 0.1s | Iter Loss 1.0650 | Iter Mean Loss 1.0694
2023-12-24 14:44:00,137 - root - INFO - KG & CF Training: Epoch 0006 Iter 0010 / 0041 | Time 0.1s | Iter Loss 1.0708 | Iter Mean Loss 1.0696
2023-12-24 14:44:00,239 - root - INFO - KG & CF Training: Epoch 0006 Iter 0011 / 0041 | Time 0.1s | Iter Loss 1.0670 | Iter Mean Loss 1.0693
2023-12-24 14:44:00,346 - root - INFO - KG & CF Training: Epoch 0006 Iter 0012 / 0041 | Time 0.1s | Iter Loss 1.0704 | Iter Mean Loss 1.0694
2023-12-24 14:44:00,455 - root - INFO - KG & CF Training: Epoch 0006 Iter 0013 / 0041 | Time 0.1s | Iter Loss 1.0693 | Iter Mean Loss 1.0694
2023-12-24 14:44:00,560 - root - INFO - KG & CF Training: Epoch 0006 Iter 0014 / 0041 | Time 0.1s | Iter Loss 1.0654 | Iter Mean Loss 1.0691
2023-12-24 14:44:00,669 - root - INFO - KG & CF Training: Epoch 0006 Iter 0015 / 0041 | Time 0.1s | Iter Loss 1.0705 | Iter Mean Loss 1.0692
2023-12-24 14:44:00,762 - root - INFO - KG & CF Training: Epoch 0006 Iter 0016 / 0041 | Time 0.1s | Iter Loss 1.0668 | Iter Mean Loss 1.0691
2023-12-24 14:44:00,859 - root - INFO - KG & CF Training: Epoch 0006 Iter 0017 / 0041 | Time 0.1s | Iter Loss 1.0590 | Iter Mean Loss 1.0685
2023-12-24 14:44:00,959 - root - INFO - KG & CF Training: Epoch 0006 Iter 0018 / 0041 | Time 0.1s | Iter Loss 1.0642 | Iter Mean Loss 1.0682
2023-12-24 14:44:01,080 - root - INFO - KG & CF Training: Epoch 0006 Iter 0019 / 0041 | Time 0.1s | Iter Loss 1.0666 | Iter Mean Loss 1.0681
2023-12-24 14:44:01,183 - root - INFO - KG & CF Training: Epoch 0006 Iter 0020 / 0041 | Time 0.1s | Iter Loss 1.0595 | Iter Mean Loss 1.0677
2023-12-24 14:44:01,280 - root - INFO - KG & CF Training: Epoch 0006 Iter 0021 / 0041 | Time 0.1s | Iter Loss 1.0607 | Iter Mean Loss 1.0674
2023-12-24 14:44:01,397 - root - INFO - KG & CF Training: Epoch 0006 Iter 0022 / 0041 | Time 0.1s | Iter Loss 1.0641 | Iter Mean Loss 1.0672
2023-12-24 14:44:01,507 - root - INFO - KG & CF Training: Epoch 0006 Iter 0023 / 0041 | Time 0.1s | Iter Loss 1.0580 | Iter Mean Loss 1.0668
2023-12-24 14:44:01,607 - root - INFO - KG & CF Training: Epoch 0006 Iter 0024 / 0041 | Time 0.1s | Iter Loss 1.0610 | Iter Mean Loss 1.0666
2023-12-24 14:44:01,712 - root - INFO - KG & CF Training: Epoch 0006 Iter 0025 / 0041 | Time 0.1s | Iter Loss 1.0553 | Iter Mean Loss 1.0661
2023-12-24 14:44:01,822 - root - INFO - KG & CF Training: Epoch 0006 Iter 0026 / 0041 | Time 0.1s | Iter Loss 1.0590 | Iter Mean Loss 1.0659
2023-12-24 14:44:01,922 - root - INFO - KG & CF Training: Epoch 0006 Iter 0027 / 0041 | Time 0.1s | Iter Loss 1.0553 | Iter Mean Loss 1.0655
2023-12-24 14:44:02,030 - root - INFO - KG & CF Training: Epoch 0006 Iter 0028 / 0041 | Time 0.1s | Iter Loss 1.0566 | Iter Mean Loss 1.0651
2023-12-24 14:44:02,124 - root - INFO - KG & CF Training: Epoch 0006 Iter 0029 / 0041 | Time 0.1s | Iter Loss 1.0554 | Iter Mean Loss 1.0648
2023-12-24 14:44:02,224 - root - INFO - KG & CF Training: Epoch 0006 Iter 0030 / 0041 | Time 0.1s | Iter Loss 1.0542 | Iter Mean Loss 1.0645
2023-12-24 14:44:02,329 - root - INFO - KG & CF Training: Epoch 0006 Iter 0031 / 0041 | Time 0.1s | Iter Loss 1.0566 | Iter Mean Loss 1.0642
2023-12-24 14:44:02,427 - root - INFO - KG & CF Training: Epoch 0006 Iter 0032 / 0041 | Time 0.1s | Iter Loss 1.0534 | Iter Mean Loss 1.0639
2023-12-24 14:44:02,530 - root - INFO - KG & CF Training: Epoch 0006 Iter 0033 / 0041 | Time 0.1s | Iter Loss 1.0567 | Iter Mean Loss 1.0636
2023-12-24 14:44:02,639 - root - INFO - KG & CF Training: Epoch 0006 Iter 0034 / 0041 | Time 0.1s | Iter Loss 1.0533 | Iter Mean Loss 1.0633
2023-12-24 14:44:02,737 - root - INFO - KG & CF Training: Epoch 0006 Iter 0035 / 0041 | Time 0.1s | Iter Loss 1.0556 | Iter Mean Loss 1.0631
2023-12-24 14:44:02,829 - root - INFO - KG & CF Training: Epoch 0006 Iter 0036 / 0041 | Time 0.1s | Iter Loss 1.0565 | Iter Mean Loss 1.0629
2023-12-24 14:44:02,933 - root - INFO - KG & CF Training: Epoch 0006 Iter 0037 / 0041 | Time 0.1s | Iter Loss 1.0526 | Iter Mean Loss 1.0627
2023-12-24 14:44:03,038 - root - INFO - KG & CF Training: Epoch 0006 Iter 0038 / 0041 | Time 0.1s | Iter Loss 1.0551 | Iter Mean Loss 1.0625
2023-12-24 14:44:03,169 - root - INFO - KG & CF Training: Epoch 0006 Iter 0039 / 0041 | Time 0.1s | Iter Loss 1.0506 | Iter Mean Loss 1.0622
2023-12-24 14:44:03,271 - root - INFO - KG & CF Training: Epoch 0006 Iter 0040 / 0041 | Time 0.1s | Iter Loss 1.0555 | Iter Mean Loss 1.0620
2023-12-24 14:44:03,374 - root - INFO - KG & CF Training: Epoch 0006 Iter 0041 / 0041 | Time 0.1s | Iter Loss 1.0542 | Iter Mean Loss 1.0618
2023-12-24 14:44:03,375 - root - INFO - KG & CF Training: Epoch 0006 Total Iter 0041 | Total Time 4.2s | Iter Mean Loss 1.0618
2023-12-24 14:44:03,471 - root - INFO - KG & CF Training: Epoch 0007 Iter 0001 / 0041 | Time 0.1s | Iter Loss 1.0478 | Iter Mean Loss 1.0478
2023-12-24 14:44:03,586 - root - INFO - KG & CF Training: Epoch 0007 Iter 0002 / 0041 | Time 0.1s | Iter Loss 1.0535 | Iter Mean Loss 1.0506
2023-12-24 14:44:03,682 - root - INFO - KG & CF Training: Epoch 0007 Iter 0003 / 0041 | Time 0.1s | Iter Loss 1.0543 | Iter Mean Loss 1.0519
2023-12-24 14:44:03,795 - root - INFO - KG & CF Training: Epoch 0007 Iter 0004 / 0041 | Time 0.1s | Iter Loss 1.0429 | Iter Mean Loss 1.0496
2023-12-24 14:44:03,899 - root - INFO - KG & CF Training: Epoch 0007 Iter 0005 / 0041 | Time 0.1s | Iter Loss 1.0462 | Iter Mean Loss 1.0489
2023-12-24 14:44:04,021 - root - INFO - KG & CF Training: Epoch 0007 Iter 0006 / 0041 | Time 0.1s | Iter Loss 1.0452 | Iter Mean Loss 1.0483
2023-12-24 14:44:04,120 - root - INFO - KG & CF Training: Epoch 0007 Iter 0007 / 0041 | Time 0.1s | Iter Loss 1.0514 | Iter Mean Loss 1.0487
2023-12-24 14:44:04,235 - root - INFO - KG & CF Training: Epoch 0007 Iter 0008 / 0041 | Time 0.1s | Iter Loss 1.0494 | Iter Mean Loss 1.0488
2023-12-24 14:44:04,332 - root - INFO - KG & CF Training: Epoch 0007 Iter 0009 / 0041 | Time 0.1s | Iter Loss 1.0472 | Iter Mean Loss 1.0486
2023-12-24 14:44:04,451 - root - INFO - KG & CF Training: Epoch 0007 Iter 0010 / 0041 | Time 0.1s | Iter Loss 1.0480 | Iter Mean Loss 1.0486
2023-12-24 14:44:04,569 - root - INFO - KG & CF Training: Epoch 0007 Iter 0011 / 0041 | Time 0.1s | Iter Loss 1.0470 | Iter Mean Loss 1.0484
2023-12-24 14:44:04,667 - root - INFO - KG & CF Training: Epoch 0007 Iter 0012 / 0041 | Time 0.1s | Iter Loss 1.0417 | Iter Mean Loss 1.0479
2023-12-24 14:44:04,763 - root - INFO - KG & CF Training: Epoch 0007 Iter 0013 / 0041 | Time 0.1s | Iter Loss 1.0448 | Iter Mean Loss 1.0476
2023-12-24 14:44:04,880 - root - INFO - KG & CF Training: Epoch 0007 Iter 0014 / 0041 | Time 0.1s | Iter Loss 1.0462 | Iter Mean Loss 1.0475
2023-12-24 14:44:04,990 - root - INFO - KG & CF Training: Epoch 0007 Iter 0015 / 0041 | Time 0.1s | Iter Loss 1.0429 | Iter Mean Loss 1.0472
2023-12-24 14:44:05,083 - root - INFO - KG & CF Training: Epoch 0007 Iter 0016 / 0041 | Time 0.1s | Iter Loss 1.0456 | Iter Mean Loss 1.0471
2023-12-24 14:44:05,206 - root - INFO - KG & CF Training: Epoch 0007 Iter 0017 / 0041 | Time 0.1s | Iter Loss 1.0383 | Iter Mean Loss 1.0466
2023-12-24 14:44:05,300 - root - INFO - KG & CF Training: Epoch 0007 Iter 0018 / 0041 | Time 0.1s | Iter Loss 1.0435 | Iter Mean Loss 1.0464
2023-12-24 14:44:05,392 - root - INFO - KG & CF Training: Epoch 0007 Iter 0019 / 0041 | Time 0.1s | Iter Loss 1.0390 | Iter Mean Loss 1.0460
2023-12-24 14:44:05,495 - root - INFO - KG & CF Training: Epoch 0007 Iter 0020 / 0041 | Time 0.1s | Iter Loss 1.0413 | Iter Mean Loss 1.0458
2023-12-24 14:44:05,596 - root - INFO - KG & CF Training: Epoch 0007 Iter 0021 / 0041 | Time 0.1s | Iter Loss 1.0405 | Iter Mean Loss 1.0455
2023-12-24 14:44:05,691 - root - INFO - KG & CF Training: Epoch 0007 Iter 0022 / 0041 | Time 0.1s | Iter Loss 1.0393 | Iter Mean Loss 1.0453
2023-12-24 14:44:05,794 - root - INFO - KG & CF Training: Epoch 0007 Iter 0023 / 0041 | Time 0.1s | Iter Loss 1.0335 | Iter Mean Loss 1.0448
2023-12-24 14:44:05,895 - root - INFO - KG & CF Training: Epoch 0007 Iter 0024 / 0041 | Time 0.1s | Iter Loss 1.0384 | Iter Mean Loss 1.0445
2023-12-24 14:44:05,990 - root - INFO - KG & CF Training: Epoch 0007 Iter 0025 / 0041 | Time 0.1s | Iter Loss 1.0409 | Iter Mean Loss 1.0444
2023-12-24 14:44:06,093 - root - INFO - KG & CF Training: Epoch 0007 Iter 0026 / 0041 | Time 0.1s | Iter Loss 1.0375 | Iter Mean Loss 1.0441
2023-12-24 14:44:06,190 - root - INFO - KG & CF Training: Epoch 0007 Iter 0027 / 0041 | Time 0.1s | Iter Loss 1.0289 | Iter Mean Loss 1.0435
2023-12-24 14:44:06,287 - root - INFO - KG & CF Training: Epoch 0007 Iter 0028 / 0041 | Time 0.1s | Iter Loss 1.0343 | Iter Mean Loss 1.0432
2023-12-24 14:44:06,384 - root - INFO - KG & CF Training: Epoch 0007 Iter 0029 / 0041 | Time 0.1s | Iter Loss 1.0348 | Iter Mean Loss 1.0429
2023-12-24 14:44:06,476 - root - INFO - KG & CF Training: Epoch 0007 Iter 0030 / 0041 | Time 0.1s | Iter Loss 1.0359 | Iter Mean Loss 1.0427
2023-12-24 14:44:06,570 - root - INFO - KG & CF Training: Epoch 0007 Iter 0031 / 0041 | Time 0.1s | Iter Loss 1.0339 | Iter Mean Loss 1.0424
2023-12-24 14:44:06,681 - root - INFO - KG & CF Training: Epoch 0007 Iter 0032 / 0041 | Time 0.1s | Iter Loss 1.0385 | Iter Mean Loss 1.0423
2023-12-24 14:44:06,773 - root - INFO - KG & CF Training: Epoch 0007 Iter 0033 / 0041 | Time 0.1s | Iter Loss 1.0366 | Iter Mean Loss 1.0421
2023-12-24 14:44:06,874 - root - INFO - KG & CF Training: Epoch 0007 Iter 0034 / 0041 | Time 0.1s | Iter Loss 1.0346 | Iter Mean Loss 1.0419
2023-12-24 14:44:06,973 - root - INFO - KG & CF Training: Epoch 0007 Iter 0035 / 0041 | Time 0.1s | Iter Loss 1.0348 | Iter Mean Loss 1.0417
2023-12-24 14:44:07,068 - root - INFO - KG & CF Training: Epoch 0007 Iter 0036 / 0041 | Time 0.1s | Iter Loss 1.0349 | Iter Mean Loss 1.0415
2023-12-24 14:44:07,185 - root - INFO - KG & CF Training: Epoch 0007 Iter 0037 / 0041 | Time 0.1s | Iter Loss 1.0279 | Iter Mean Loss 1.0411
2023-12-24 14:44:07,304 - root - INFO - KG & CF Training: Epoch 0007 Iter 0038 / 0041 | Time 0.1s | Iter Loss 1.0275 | Iter Mean Loss 1.0408
2023-12-24 14:44:07,401 - root - INFO - KG & CF Training: Epoch 0007 Iter 0039 / 0041 | Time 0.1s | Iter Loss 1.0306 | Iter Mean Loss 1.0405
2023-12-24 14:44:07,499 - root - INFO - KG & CF Training: Epoch 0007 Iter 0040 / 0041 | Time 0.1s | Iter Loss 1.0324 | Iter Mean Loss 1.0403
2023-12-24 14:44:07,601 - root - INFO - KG & CF Training: Epoch 0007 Iter 0041 / 0041 | Time 0.1s | Iter Loss 1.0270 | Iter Mean Loss 1.0400
2023-12-24 14:44:07,602 - root - INFO - KG & CF Training: Epoch 0007 Total Iter 0041 | Total Time 4.2s | Iter Mean Loss 1.0400
2023-12-24 14:44:07,697 - root - INFO - KG & CF Training: Epoch 0008 Iter 0001 / 0041 | Time 0.1s | Iter Loss 1.0274 | Iter Mean Loss 1.0274
2023-12-24 14:44:07,792 - root - INFO - KG & CF Training: Epoch 0008 Iter 0002 / 0041 | Time 0.1s | Iter Loss 1.0211 | Iter Mean Loss 1.0242
2023-12-24 14:44:07,894 - root - INFO - KG & CF Training: Epoch 0008 Iter 0003 / 0041 | Time 0.1s | Iter Loss 1.0302 | Iter Mean Loss 1.0262
2023-12-24 14:44:07,991 - root - INFO - KG & CF Training: Epoch 0008 Iter 0004 / 0041 | Time 0.1s | Iter Loss 1.0288 | Iter Mean Loss 1.0268
2023-12-24 14:44:08,089 - root - INFO - KG & CF Training: Epoch 0008 Iter 0005 / 0041 | Time 0.1s | Iter Loss 1.0200 | Iter Mean Loss 1.0255
2023-12-24 14:44:08,194 - root - INFO - KG & CF Training: Epoch 0008 Iter 0006 / 0041 | Time 0.1s | Iter Loss 1.0216 | Iter Mean Loss 1.0248
2023-12-24 14:44:08,300 - root - INFO - KG & CF Training: Epoch 0008 Iter 0007 / 0041 | Time 0.1s | Iter Loss 1.0284 | Iter Mean Loss 1.0254
2023-12-24 14:44:08,402 - root - INFO - KG & CF Training: Epoch 0008 Iter 0008 / 0041 | Time 0.1s | Iter Loss 1.0173 | Iter Mean Loss 1.0244
2023-12-24 14:44:08,507 - root - INFO - KG & CF Training: Epoch 0008 Iter 0009 / 0041 | Time 0.1s | Iter Loss 1.0242 | Iter Mean Loss 1.0243
2023-12-24 14:44:08,616 - root - INFO - KG & CF Training: Epoch 0008 Iter 0010 / 0041 | Time 0.1s | Iter Loss 1.0288 | Iter Mean Loss 1.0248
2023-12-24 14:44:08,718 - root - INFO - KG & CF Training: Epoch 0008 Iter 0011 / 0041 | Time 0.1s | Iter Loss 1.0192 | Iter Mean Loss 1.0243
2023-12-24 14:44:08,826 - root - INFO - KG & CF Training: Epoch 0008 Iter 0012 / 0041 | Time 0.1s | Iter Loss 1.0198 | Iter Mean Loss 1.0239
2023-12-24 14:44:08,933 - root - INFO - KG & CF Training: Epoch 0008 Iter 0013 / 0041 | Time 0.1s | Iter Loss 1.0192 | Iter Mean Loss 1.0235
2023-12-24 14:44:09,045 - root - INFO - KG & CF Training: Epoch 0008 Iter 0014 / 0041 | Time 0.1s | Iter Loss 1.0186 | Iter Mean Loss 1.0232
2023-12-24 14:44:09,147 - root - INFO - KG & CF Training: Epoch 0008 Iter 0015 / 0041 | Time 0.1s | Iter Loss 1.0194 | Iter Mean Loss 1.0229
2023-12-24 14:44:09,254 - root - INFO - KG & CF Training: Epoch 0008 Iter 0016 / 0041 | Time 0.1s | Iter Loss 1.0187 | Iter Mean Loss 1.0227
2023-12-24 14:44:09,347 - root - INFO - KG & CF Training: Epoch 0008 Iter 0017 / 0041 | Time 0.1s | Iter Loss 1.0212 | Iter Mean Loss 1.0226
2023-12-24 14:44:09,465 - root - INFO - KG & CF Training: Epoch 0008 Iter 0018 / 0041 | Time 0.1s | Iter Loss 1.0192 | Iter Mean Loss 1.0224
2023-12-24 14:44:09,574 - root - INFO - KG & CF Training: Epoch 0008 Iter 0019 / 0041 | Time 0.1s | Iter Loss 1.0117 | Iter Mean Loss 1.0218
2023-12-24 14:44:09,673 - root - INFO - KG & CF Training: Epoch 0008 Iter 0020 / 0041 | Time 0.1s | Iter Loss 1.0093 | Iter Mean Loss 1.0212
2023-12-24 14:44:09,772 - root - INFO - KG & CF Training: Epoch 0008 Iter 0021 / 0041 | Time 0.1s | Iter Loss 1.0147 | Iter Mean Loss 1.0209
2023-12-24 14:44:09,865 - root - INFO - KG & CF Training: Epoch 0008 Iter 0022 / 0041 | Time 0.1s | Iter Loss 1.0109 | Iter Mean Loss 1.0204
2023-12-24 14:44:09,958 - root - INFO - KG & CF Training: Epoch 0008 Iter 0023 / 0041 | Time 0.1s | Iter Loss 1.0143 | Iter Mean Loss 1.0202
2023-12-24 14:44:10,051 - root - INFO - KG & CF Training: Epoch 0008 Iter 0024 / 0041 | Time 0.1s | Iter Loss 1.0071 | Iter Mean Loss 1.0196
2023-12-24 14:44:10,146 - root - INFO - KG & CF Training: Epoch 0008 Iter 0025 / 0041 | Time 0.1s | Iter Loss 1.0120 | Iter Mean Loss 1.0193
2023-12-24 14:44:10,251 - root - INFO - KG & CF Training: Epoch 0008 Iter 0026 / 0041 | Time 0.1s | Iter Loss 1.0108 | Iter Mean Loss 1.0190
2023-12-24 14:44:10,353 - root - INFO - KG & CF Training: Epoch 0008 Iter 0027 / 0041 | Time 0.1s | Iter Loss 1.0172 | Iter Mean Loss 1.0189
2023-12-24 14:44:10,455 - root - INFO - KG & CF Training: Epoch 0008 Iter 0028 / 0041 | Time 0.1s | Iter Loss 1.0107 | Iter Mean Loss 1.0186
2023-12-24 14:44:10,567 - root - INFO - KG & CF Training: Epoch 0008 Iter 0029 / 0041 | Time 0.1s | Iter Loss 1.0108 | Iter Mean Loss 1.0184
2023-12-24 14:44:10,667 - root - INFO - KG & CF Training: Epoch 0008 Iter 0030 / 0041 | Time 0.1s | Iter Loss 1.0107 | Iter Mean Loss 1.0181
2023-12-24 14:44:10,770 - root - INFO - KG & CF Training: Epoch 0008 Iter 0031 / 0041 | Time 0.1s | Iter Loss 1.0012 | Iter Mean Loss 1.0176
2023-12-24 14:44:10,867 - root - INFO - KG & CF Training: Epoch 0008 Iter 0032 / 0041 | Time 0.1s | Iter Loss 1.0088 | Iter Mean Loss 1.0173
2023-12-24 14:44:10,962 - root - INFO - KG & CF Training: Epoch 0008 Iter 0033 / 0041 | Time 0.1s | Iter Loss 1.0125 | Iter Mean Loss 1.0171
2023-12-24 14:44:11,078 - root - INFO - KG & CF Training: Epoch 0008 Iter 0034 / 0041 | Time 0.1s | Iter Loss 1.0013 | Iter Mean Loss 1.0167
2023-12-24 14:44:11,183 - root - INFO - KG & CF Training: Epoch 0008 Iter 0035 / 0041 | Time 0.1s | Iter Loss 1.0042 | Iter Mean Loss 1.0163
2023-12-24 14:44:11,289 - root - INFO - KG & CF Training: Epoch 0008 Iter 0036 / 0041 | Time 0.1s | Iter Loss 1.0057 | Iter Mean Loss 1.0160
2023-12-24 14:44:11,387 - root - INFO - KG & CF Training: Epoch 0008 Iter 0037 / 0041 | Time 0.1s | Iter Loss 0.9984 | Iter Mean Loss 1.0156
2023-12-24 14:44:11,482 - root - INFO - KG & CF Training: Epoch 0008 Iter 0038 / 0041 | Time 0.1s | Iter Loss 1.0032 | Iter Mean Loss 1.0152
2023-12-24 14:44:11,573 - root - INFO - KG & CF Training: Epoch 0008 Iter 0039 / 0041 | Time 0.1s | Iter Loss 1.0085 | Iter Mean Loss 1.0151
2023-12-24 14:44:11,683 - root - INFO - KG & CF Training: Epoch 0008 Iter 0040 / 0041 | Time 0.1s | Iter Loss 0.9977 | Iter Mean Loss 1.0146
2023-12-24 14:44:11,781 - root - INFO - KG & CF Training: Epoch 0008 Iter 0041 / 0041 | Time 0.1s | Iter Loss 0.9958 | Iter Mean Loss 1.0142
2023-12-24 14:44:11,781 - root - INFO - KG & CF Training: Epoch 0008 Total Iter 0041 | Total Time 4.2s | Iter Mean Loss 1.0142
2023-12-24 14:44:11,893 - root - INFO - KG & CF Training: Epoch 0009 Iter 0001 / 0041 | Time 0.1s | Iter Loss 0.9995 | Iter Mean Loss 0.9995
2023-12-24 14:44:12,000 - root - INFO - KG & CF Training: Epoch 0009 Iter 0002 / 0041 | Time 0.1s | Iter Loss 0.9963 | Iter Mean Loss 0.9979
2023-12-24 14:44:12,099 - root - INFO - KG & CF Training: Epoch 0009 Iter 0003 / 0041 | Time 0.1s | Iter Loss 0.9984 | Iter Mean Loss 0.9980
2023-12-24 14:44:12,198 - root - INFO - KG & CF Training: Epoch 0009 Iter 0004 / 0041 | Time 0.1s | Iter Loss 0.9917 | Iter Mean Loss 0.9964
2023-12-24 14:44:12,314 - root - INFO - KG & CF Training: Epoch 0009 Iter 0005 / 0041 | Time 0.1s | Iter Loss 0.9925 | Iter Mean Loss 0.9957
2023-12-24 14:44:12,416 - root - INFO - KG & CF Training: Epoch 0009 Iter 0006 / 0041 | Time 0.1s | Iter Loss 0.9880 | Iter Mean Loss 0.9944
2023-12-24 14:44:12,513 - root - INFO - KG & CF Training: Epoch 0009 Iter 0007 / 0041 | Time 0.1s | Iter Loss 0.9961 | Iter Mean Loss 0.9946
2023-12-24 14:44:12,613 - root - INFO - KG & CF Training: Epoch 0009 Iter 0008 / 0041 | Time 0.1s | Iter Loss 0.9928 | Iter Mean Loss 0.9944
2023-12-24 14:44:12,728 - root - INFO - KG & CF Training: Epoch 0009 Iter 0009 / 0041 | Time 0.1s | Iter Loss 0.9920 | Iter Mean Loss 0.9941
2023-12-24 14:44:12,829 - root - INFO - KG & CF Training: Epoch 0009 Iter 0010 / 0041 | Time 0.1s | Iter Loss 0.9915 | Iter Mean Loss 0.9939
2023-12-24 14:44:12,925 - root - INFO - KG & CF Training: Epoch 0009 Iter 0011 / 0041 | Time 0.1s | Iter Loss 0.9912 | Iter Mean Loss 0.9936
2023-12-24 14:44:13,034 - root - INFO - KG & CF Training: Epoch 0009 Iter 0012 / 0041 | Time 0.1s | Iter Loss 0.9841 | Iter Mean Loss 0.9928
2023-12-24 14:44:13,142 - root - INFO - KG & CF Training: Epoch 0009 Iter 0013 / 0041 | Time 0.1s | Iter Loss 0.9929 | Iter Mean Loss 0.9928
2023-12-24 14:44:13,259 - root - INFO - KG & CF Training: Epoch 0009 Iter 0014 / 0041 | Time 0.1s | Iter Loss 0.9906 | Iter Mean Loss 0.9927
2023-12-24 14:44:13,368 - root - INFO - KG & CF Training: Epoch 0009 Iter 0015 / 0041 | Time 0.1s | Iter Loss 0.9857 | Iter Mean Loss 0.9922
2023-12-24 14:44:13,468 - root - INFO - KG & CF Training: Epoch 0009 Iter 0016 / 0041 | Time 0.1s | Iter Loss 0.9865 | Iter Mean Loss 0.9919
2023-12-24 14:44:13,566 - root - INFO - KG & CF Training: Epoch 0009 Iter 0017 / 0041 | Time 0.1s | Iter Loss 0.9845 | Iter Mean Loss 0.9914
2023-12-24 14:44:13,661 - root - INFO - KG & CF Training: Epoch 0009 Iter 0018 / 0041 | Time 0.1s | Iter Loss 0.9940 | Iter Mean Loss 0.9916
2023-12-24 14:44:13,769 - root - INFO - KG & CF Training: Epoch 0009 Iter 0019 / 0041 | Time 0.1s | Iter Loss 0.9897 | Iter Mean Loss 0.9915
2023-12-24 14:44:13,885 - root - INFO - KG & CF Training: Epoch 0009 Iter 0020 / 0041 | Time 0.1s | Iter Loss 0.9848 | Iter Mean Loss 0.9911
2023-12-24 14:44:13,989 - root - INFO - KG & CF Training: Epoch 0009 Iter 0021 / 0041 | Time 0.1s | Iter Loss 0.9779 | Iter Mean Loss 0.9905
2023-12-24 14:44:14,091 - root - INFO - KG & CF Training: Epoch 0009 Iter 0022 / 0041 | Time 0.1s | Iter Loss 0.9830 | Iter Mean Loss 0.9902
2023-12-24 14:44:14,211 - root - INFO - KG & CF Training: Epoch 0009 Iter 0023 / 0041 | Time 0.1s | Iter Loss 0.9824 | Iter Mean Loss 0.9898
2023-12-24 14:44:14,326 - root - INFO - KG & CF Training: Epoch 0009 Iter 0024 / 0041 | Time 0.1s | Iter Loss 0.9825 | Iter Mean Loss 0.9895
2023-12-24 14:44:14,447 - root - INFO - KG & CF Training: Epoch 0009 Iter 0025 / 0041 | Time 0.1s | Iter Loss 0.9810 | Iter Mean Loss 0.9892
2023-12-24 14:44:14,546 - root - INFO - KG & CF Training: Epoch 0009 Iter 0026 / 0041 | Time 0.1s | Iter Loss 0.9807 | Iter Mean Loss 0.9889
2023-12-24 14:44:14,650 - root - INFO - KG & CF Training: Epoch 0009 Iter 0027 / 0041 | Time 0.1s | Iter Loss 0.9736 | Iter Mean Loss 0.9883
2023-12-24 14:44:14,756 - root - INFO - KG & CF Training: Epoch 0009 Iter 0028 / 0041 | Time 0.1s | Iter Loss 0.9707 | Iter Mean Loss 0.9877
2023-12-24 14:44:14,853 - root - INFO - KG & CF Training: Epoch 0009 Iter 0029 / 0041 | Time 0.1s | Iter Loss 0.9682 | Iter Mean Loss 0.9870
2023-12-24 14:44:14,954 - root - INFO - KG & CF Training: Epoch 0009 Iter 0030 / 0041 | Time 0.1s | Iter Loss 0.9776 | Iter Mean Loss 0.9867
2023-12-24 14:44:15,072 - root - INFO - KG & CF Training: Epoch 0009 Iter 0031 / 0041 | Time 0.1s | Iter Loss 0.9742 | Iter Mean Loss 0.9863
2023-12-24 14:44:15,180 - root - INFO - KG & CF Training: Epoch 0009 Iter 0032 / 0041 | Time 0.1s | Iter Loss 0.9763 | Iter Mean Loss 0.9860
2023-12-24 14:44:15,277 - root - INFO - KG & CF Training: Epoch 0009 Iter 0033 / 0041 | Time 0.1s | Iter Loss 0.9773 | Iter Mean Loss 0.9857
2023-12-24 14:44:15,386 - root - INFO - KG & CF Training: Epoch 0009 Iter 0034 / 0041 | Time 0.1s | Iter Loss 0.9740 | Iter Mean Loss 0.9854
2023-12-24 14:44:15,529 - root - INFO - KG & CF Training: Epoch 0009 Iter 0035 / 0041 | Time 0.1s | Iter Loss 0.9697 | Iter Mean Loss 0.9849
2023-12-24 14:44:15,656 - root - INFO - KG & CF Training: Epoch 0009 Iter 0036 / 0041 | Time 0.1s | Iter Loss 0.9795 | Iter Mean Loss 0.9848
2023-12-24 14:44:15,794 - root - INFO - KG & CF Training: Epoch 0009 Iter 0037 / 0041 | Time 0.1s | Iter Loss 0.9604 | Iter Mean Loss 0.9841
2023-12-24 14:44:15,906 - root - INFO - KG & CF Training: Epoch 0009 Iter 0038 / 0041 | Time 0.1s | Iter Loss 0.9668 | Iter Mean Loss 0.9837
2023-12-24 14:44:16,017 - root - INFO - KG & CF Training: Epoch 0009 Iter 0039 / 0041 | Time 0.1s | Iter Loss 0.9681 | Iter Mean Loss 0.9833
2023-12-24 14:44:16,129 - root - INFO - KG & CF Training: Epoch 0009 Iter 0040 / 0041 | Time 0.1s | Iter Loss 0.9587 | Iter Mean Loss 0.9826
2023-12-24 14:44:16,234 - root - INFO - KG & CF Training: Epoch 0009 Iter 0041 / 0041 | Time 0.1s | Iter Loss 0.9718 | Iter Mean Loss 0.9824
2023-12-24 14:44:16,234 - root - INFO - KG & CF Training: Epoch 0009 Total Iter 0041 | Total Time 4.5s | Iter Mean Loss 0.9824
2023-12-24 14:44:16,359 - root - INFO - KG & CF Training: Epoch 0010 Iter 0001 / 0041 | Time 0.1s | Iter Loss 0.9649 | Iter Mean Loss 0.9649
2023-12-24 14:44:16,470 - root - INFO - KG & CF Training: Epoch 0010 Iter 0002 / 0041 | Time 0.1s | Iter Loss 0.9643 | Iter Mean Loss 0.9646
2023-12-24 14:44:16,573 - root - INFO - KG & CF Training: Epoch 0010 Iter 0003 / 0041 | Time 0.1s | Iter Loss 0.9640 | Iter Mean Loss 0.9644
2023-12-24 14:44:16,700 - root - INFO - KG & CF Training: Epoch 0010 Iter 0004 / 0041 | Time 0.1s | Iter Loss 0.9617 | Iter Mean Loss 0.9637
2023-12-24 14:44:16,807 - root - INFO - KG & CF Training: Epoch 0010 Iter 0005 / 0041 | Time 0.1s | Iter Loss 0.9635 | Iter Mean Loss 0.9637
2023-12-24 14:44:16,927 - root - INFO - KG & CF Training: Epoch 0010 Iter 0006 / 0041 | Time 0.1s | Iter Loss 0.9637 | Iter Mean Loss 0.9637
2023-12-24 14:44:17,027 - root - INFO - KG & CF Training: Epoch 0010 Iter 0007 / 0041 | Time 0.1s | Iter Loss 0.9626 | Iter Mean Loss 0.9635
2023-12-24 14:44:17,129 - root - INFO - KG & CF Training: Epoch 0010 Iter 0008 / 0041 | Time 0.1s | Iter Loss 0.9625 | Iter Mean Loss 0.9634
2023-12-24 14:44:17,226 - root - INFO - KG & CF Training: Epoch 0010 Iter 0009 / 0041 | Time 0.1s | Iter Loss 0.9610 | Iter Mean Loss 0.9631
2023-12-24 14:44:17,326 - root - INFO - KG & CF Training: Epoch 0010 Iter 0010 / 0041 | Time 0.1s | Iter Loss 0.9537 | Iter Mean Loss 0.9622
2023-12-24 14:44:17,453 - root - INFO - KG & CF Training: Epoch 0010 Iter 0011 / 0041 | Time 0.1s | Iter Loss 0.9654 | Iter Mean Loss 0.9625
2023-12-24 14:44:17,589 - root - INFO - KG & CF Training: Epoch 0010 Iter 0012 / 0041 | Time 0.1s | Iter Loss 0.9533 | Iter Mean Loss 0.9617
2023-12-24 14:44:17,713 - root - INFO - KG & CF Training: Epoch 0010 Iter 0013 / 0041 | Time 0.1s | Iter Loss 0.9605 | Iter Mean Loss 0.9616
2023-12-24 14:44:17,842 - root - INFO - KG & CF Training: Epoch 0010 Iter 0014 / 0041 | Time 0.1s | Iter Loss 0.9529 | Iter Mean Loss 0.9610
2023-12-24 14:44:17,954 - root - INFO - KG & CF Training: Epoch 0010 Iter 0015 / 0041 | Time 0.1s | Iter Loss 0.9482 | Iter Mean Loss 0.9601
2023-12-24 14:44:18,052 - root - INFO - KG & CF Training: Epoch 0010 Iter 0016 / 0041 | Time 0.1s | Iter Loss 0.9545 | Iter Mean Loss 0.9598
2023-12-24 14:44:18,168 - root - INFO - KG & CF Training: Epoch 0010 Iter 0017 / 0041 | Time 0.1s | Iter Loss 0.9498 | Iter Mean Loss 0.9592
2023-12-24 14:44:18,268 - root - INFO - KG & CF Training: Epoch 0010 Iter 0018 / 0041 | Time 0.1s | Iter Loss 0.9593 | Iter Mean Loss 0.9592
2023-12-24 14:44:18,374 - root - INFO - KG & CF Training: Epoch 0010 Iter 0019 / 0041 | Time 0.1s | Iter Loss 0.9611 | Iter Mean Loss 0.9593
2023-12-24 14:44:18,487 - root - INFO - KG & CF Training: Epoch 0010 Iter 0020 / 0041 | Time 0.1s | Iter Loss 0.9426 | Iter Mean Loss 0.9585
2023-12-24 14:44:18,589 - root - INFO - KG & CF Training: Epoch 0010 Iter 0021 / 0041 | Time 0.1s | Iter Loss 0.9452 | Iter Mean Loss 0.9578
2023-12-24 14:44:18,698 - root - INFO - KG & CF Training: Epoch 0010 Iter 0022 / 0041 | Time 0.1s | Iter Loss 0.9422 | Iter Mean Loss 0.9571
2023-12-24 14:44:18,803 - root - INFO - KG & CF Training: Epoch 0010 Iter 0023 / 0041 | Time 0.1s | Iter Loss 0.9423 | Iter Mean Loss 0.9565
2023-12-24 14:44:18,902 - root - INFO - KG & CF Training: Epoch 0010 Iter 0024 / 0041 | Time 0.1s | Iter Loss 0.9484 | Iter Mean Loss 0.9561
2023-12-24 14:44:18,998 - root - INFO - KG & CF Training: Epoch 0010 Iter 0025 / 0041 | Time 0.1s | Iter Loss 0.9533 | Iter Mean Loss 0.9560
2023-12-24 14:44:19,095 - root - INFO - KG & CF Training: Epoch 0010 Iter 0026 / 0041 | Time 0.1s | Iter Loss 0.9506 | Iter Mean Loss 0.9558
2023-12-24 14:44:19,189 - root - INFO - KG & CF Training: Epoch 0010 Iter 0027 / 0041 | Time 0.1s | Iter Loss 0.9556 | Iter Mean Loss 0.9558
2023-12-24 14:44:19,286 - root - INFO - KG & CF Training: Epoch 0010 Iter 0028 / 0041 | Time 0.1s | Iter Loss 0.9445 | Iter Mean Loss 0.9554
2023-12-24 14:44:19,396 - root - INFO - KG & CF Training: Epoch 0010 Iter 0029 / 0041 | Time 0.1s | Iter Loss 0.9499 | Iter Mean Loss 0.9552
2023-12-24 14:44:19,494 - root - INFO - KG & CF Training: Epoch 0010 Iter 0030 / 0041 | Time 0.1s | Iter Loss 0.9376 | Iter Mean Loss 0.9546
2023-12-24 14:44:19,606 - root - INFO - KG & CF Training: Epoch 0010 Iter 0031 / 0041 | Time 0.1s | Iter Loss 0.9417 | Iter Mean Loss 0.9542
2023-12-24 14:44:19,700 - root - INFO - KG & CF Training: Epoch 0010 Iter 0032 / 0041 | Time 0.1s | Iter Loss 0.9490 | Iter Mean Loss 0.9541
2023-12-24 14:44:19,805 - root - INFO - KG & CF Training: Epoch 0010 Iter 0033 / 0041 | Time 0.1s | Iter Loss 0.9430 | Iter Mean Loss 0.9537
2023-12-24 14:44:19,897 - root - INFO - KG & CF Training: Epoch 0010 Iter 0034 / 0041 | Time 0.1s | Iter Loss 0.9357 | Iter Mean Loss 0.9532
2023-12-24 14:44:20,016 - root - INFO - KG & CF Training: Epoch 0010 Iter 0035 / 0041 | Time 0.1s | Iter Loss 0.9484 | Iter Mean Loss 0.9531
2023-12-24 14:44:20,111 - root - INFO - KG & CF Training: Epoch 0010 Iter 0036 / 0041 | Time 0.1s | Iter Loss 0.9430 | Iter Mean Loss 0.9528
2023-12-24 14:44:20,207 - root - INFO - KG & CF Training: Epoch 0010 Iter 0037 / 0041 | Time 0.1s | Iter Loss 0.9358 | Iter Mean Loss 0.9523
2023-12-24 14:44:20,303 - root - INFO - KG & CF Training: Epoch 0010 Iter 0038 / 0041 | Time 0.1s | Iter Loss 0.9515 | Iter Mean Loss 0.9523
2023-12-24 14:44:20,409 - root - INFO - KG & CF Training: Epoch 0010 Iter 0039 / 0041 | Time 0.1s | Iter Loss 0.9364 | Iter Mean Loss 0.9519
2023-12-24 14:44:20,510 - root - INFO - KG & CF Training: Epoch 0010 Iter 0040 / 0041 | Time 0.1s | Iter Loss 0.9290 | Iter Mean Loss 0.9513
2023-12-24 14:44:20,617 - root - INFO - KG & CF Training: Epoch 0010 Iter 0041 / 0041 | Time 0.1s | Iter Loss 0.9380 | Iter Mean Loss 0.9510
2023-12-24 14:44:20,617 - root - INFO - KG & CF Training: Epoch 0010 Total Iter 0041 | Total Time 4.4s | Iter Mean Loss 0.9510
2023-12-24 14:44:20,672 - root - INFO - CF Evaluation: Epoch 0010 | Total Time 0.1s | Precision [0.2228, 0.2025], Recall [0.0499, 0.0854], NDCG [0.2326, 0.2203]
2023-12-24 14:44:20,675 - root - INFO - Save model on epoch 0010!
2023-12-24 14:44:20,680 - root - INFO - Best CF Evaluation: Epoch 0010 | Precision [0.2228, 0.2025], Recall [0.0499, 0.0854], NDCG [0.2326, 0.2203]
